<?xml version="1.0" encoding="UTF-8"?>
<testsuite xmlns:xsi="http://www.w3.org/2001/XMLSchema-instance" xsi:noNamespaceSchemaLocation="https://maven.apache.org/surefire/maven-surefire-plugin/xsd/surefire-test-report.xsd" name="com.example.AppTest" time="0.031" tests="1" errors="0" skipped="0" failures="0">
  <properties>
    <property name="java.specification.version" value="17"/>
    <property name="sun.cpu.isalist" value="amd64"/>
    <property name="sun.jnu.encoding" value="Cp1252"/>
    <property name="java.class.path" value="C:\Users\abbas\Desktop\InternshipProjects\Todo List API Project\demo\target\test-classes;C:\Users\abbas\Desktop\InternshipProjects\Todo List API Project\demo\target\classes;C:\Users\abbas\.m2\repository\junit\junit\4.11\junit-4.11.jar;C:\Users\abbas\.m2\repository\org\hamcrest\hamcrest-core\1.3\hamcrest-core-1.3.jar;C:\Users\abbas\.m2\repository\io\javalin\javalin\5.3.2\javalin-5.3.2.jar;C:\Users\abbas\.m2\repository\org\slf4j\slf4j-api\2.0.6\slf4j-api-2.0.6.jar;C:\Users\abbas\.m2\repository\org\eclipse\jetty\jetty-server\11.0.13\jetty-server-11.0.13.jar;C:\Users\abbas\.m2\repository\org\eclipse\jetty\toolchain\jetty-jakarta-servlet-api\5.0.2\jetty-jakarta-servlet-api-5.0.2.jar;C:\Users\abbas\.m2\repository\org\eclipse\jetty\jetty-http\11.0.13\jetty-http-11.0.13.jar;C:\Users\abbas\.m2\repository\org\eclipse\jetty\jetty-util\11.0.13\jetty-util-11.0.13.jar;C:\Users\abbas\.m2\repository\org\eclipse\jetty\jetty-io\11.0.13\jetty-io-11.0.13.jar;C:\Users\abbas\.m2\repository\org\eclipse\jetty\jetty-webapp\11.0.13\jetty-webapp-11.0.13.jar;C:\Users\abbas\.m2\repository\org\eclipse\jetty\jetty-servlet\11.0.13\jetty-servlet-11.0.13.jar;C:\Users\abbas\.m2\repository\org\eclipse\jetty\jetty-security\11.0.13\jetty-security-11.0.13.jar;C:\Users\abbas\.m2\repository\org\eclipse\jetty\jetty-xml\11.0.13\jetty-xml-11.0.13.jar;C:\Users\abbas\.m2\repository\org\eclipse\jetty\websocket\websocket-jetty-server\11.0.13\websocket-jetty-server-11.0.13.jar;C:\Users\abbas\.m2\repository\org\eclipse\jetty\websocket\websocket-jetty-common\11.0.13\websocket-jetty-common-11.0.13.jar;C:\Users\abbas\.m2\repository\org\eclipse\jetty\websocket\websocket-core-common\11.0.13\websocket-core-common-11.0.13.jar;C:\Users\abbas\.m2\repository\org\eclipse\jetty\websocket\websocket-servlet\11.0.13\websocket-servlet-11.0.13.jar;C:\Users\abbas\.m2\repository\org\eclipse\jetty\websocket\websocket-core-server\11.0.13\websocket-core-server-11.0.13.jar;C:\Users\abbas\.m2\repository\org\eclipse\jetty\jetty-annotations\11.0.13\jetty-annotations-11.0.13.jar;C:\Users\abbas\.m2\repository\org\eclipse\jetty\jetty-plus\11.0.13\jetty-plus-11.0.13.jar;C:\Users\abbas\.m2\repository\jakarta\transaction\jakarta.transaction-api\2.0.0\jakarta.transaction-api-2.0.0.jar;C:\Users\abbas\.m2\repository\org\eclipse\jetty\jetty-jndi\11.0.13\jetty-jndi-11.0.13.jar;C:\Users\abbas\.m2\repository\jakarta\annotation\jakarta.annotation-api\2.1.1\jakarta.annotation-api-2.1.1.jar;C:\Users\abbas\.m2\repository\org\ow2\asm\asm\9.4\asm-9.4.jar;C:\Users\abbas\.m2\repository\org\ow2\asm\asm-commons\9.4\asm-commons-9.4.jar;C:\Users\abbas\.m2\repository\org\ow2\asm\asm-tree\9.4\asm-tree-9.4.jar;C:\Users\abbas\.m2\repository\org\eclipse\jetty\websocket\websocket-jetty-api\11.0.13\websocket-jetty-api-11.0.13.jar;C:\Users\abbas\.m2\repository\org\jetbrains\kotlin\kotlin-stdlib-jdk8\1.7.10\kotlin-stdlib-jdk8-1.7.10.jar;C:\Users\abbas\.m2\repository\org\jetbrains\kotlin\kotlin-stdlib\1.7.10\kotlin-stdlib-1.7.10.jar;C:\Users\abbas\.m2\repository\org\jetbrains\kotlin\kotlin-stdlib-common\1.7.10\kotlin-stdlib-common-1.7.10.jar;C:\Users\abbas\.m2\repository\org\jetbrains\annotations\13.0\annotations-13.0.jar;C:\Users\abbas\.m2\repository\org\jetbrains\kotlin\kotlin-stdlib-jdk7\1.7.10\kotlin-stdlib-jdk7-1.7.10.jar;C:\Users\abbas\.m2\repository\org\jdbi\jdbi3-core\3.47.0\jdbi3-core-3.47.0.jar;C:\Users\abbas\.m2\repository\io\leangen\geantyref\geantyref\2.0.0\geantyref-2.0.0.jar;C:\Users\abbas\.m2\repository\org\jdbi\jdbi3-sqlobject\3.47.0\jdbi3-sqlobject-3.47.0.jar;C:\Users\abbas\.m2\repository\org\flywaydb\flyway-core\9.22.0\flyway-core-9.22.0.jar;C:\Users\abbas\.m2\repository\com\fasterxml\jackson\dataformat\jackson-dataformat-toml\2.15.2\jackson-dataformat-toml-2.15.2.jar;C:\Users\abbas\.m2\repository\com\google\code\gson\gson\2.10.1\gson-2.10.1.jar;C:\Users\abbas\.m2\repository\org\flywaydb\flyway-mysql\9.0.0\flyway-mysql-9.0.0.jar;C:\Users\abbas\.m2\repository\com\google\inject\guice\5.1.0\guice-5.1.0.jar;C:\Users\abbas\.m2\repository\javax\inject\javax.inject\1\javax.inject-1.jar;C:\Users\abbas\.m2\repository\aopalliance\aopalliance\1.0\aopalliance-1.0.jar;C:\Users\abbas\.m2\repository\com\google\guava\guava\30.1-jre\guava-30.1-jre.jar;C:\Users\abbas\.m2\repository\com\google\guava\failureaccess\1.0.1\failureaccess-1.0.1.jar;C:\Users\abbas\.m2\repository\com\google\guava\listenablefuture\9999.0-empty-to-avoid-conflict-with-guava\listenablefuture-9999.0-empty-to-avoid-conflict-with-guava.jar;C:\Users\abbas\.m2\repository\com\google\code\findbugs\jsr305\3.0.2\jsr305-3.0.2.jar;C:\Users\abbas\.m2\repository\org\checkerframework\checker-qual\3.5.0\checker-qual-3.5.0.jar;C:\Users\abbas\.m2\repository\com\google\errorprone\error_prone_annotations\2.3.4\error_prone_annotations-2.3.4.jar;C:\Users\abbas\.m2\repository\com\google\j2objc\j2objc-annotations\1.3\j2objc-annotations-1.3.jar;C:\Users\abbas\.m2\repository\com\fasterxml\jackson\datatype\jackson-datatype-jsr310\2.15.2\jackson-datatype-jsr310-2.15.2.jar;C:\Users\abbas\.m2\repository\com\fasterxml\jackson\core\jackson-annotations\2.15.2\jackson-annotations-2.15.2.jar;C:\Users\abbas\.m2\repository\com\fasterxml\jackson\core\jackson-core\2.15.2\jackson-core-2.15.2.jar;C:\Users\abbas\.m2\repository\com\fasterxml\jackson\core\jackson-databind\2.15.2\jackson-databind-2.15.2.jar;C:\Users\abbas\.m2\repository\com\mysql\mysql-connector-j\8.0.33\mysql-connector-j-8.0.33.jar;C:\Users\abbas\.m2\repository\com\google\protobuf\protobuf-java\3.21.9\protobuf-java-3.21.9.jar;C:\Users\abbas\.m2\repository\org\slf4j\slf4j-simple\2.0.3\slf4j-simple-2.0.3.jar;"/>
    <property name="java.vm.vendor" value="Oracle Corporation"/>
    <property name="sun.arch.data.model" value="64"/>
    <property name="user.variant" value=""/>
    <property name="java.vendor.url" value="https://java.oracle.com/"/>
    <property name="user.timezone" value="GMT+02:00"/>
    <property name="os.name" value="Windows 11"/>
    <property name="java.vm.specification.version" value="17"/>
    <property name="sun.java.launcher" value="SUN_STANDARD"/>
    <property name="user.country" value="US"/>
    <property name="sun.boot.library.path" value="C:\Users\abbas\Desktop\Java Trauma\bin"/>
    <property name="sun.java.command" value="C:\Users\abbas\AppData\Local\Temp\surefire11383784950379243516\surefirebooter4024425420038569397.jar C:\Users\abbas\AppData\Local\Temp\surefire11383784950379243516 2025-05-08T17-38-07_722-jvmRun1 surefire8626054950523861932tmp surefire_015260520301675720865tmp"/>
    <property name="jdk.debug" value="release"/>
    <property name="surefire.test.class.path" value="C:\Users\abbas\Desktop\InternshipProjects\Todo List API Project\demo\target\test-classes;C:\Users\abbas\Desktop\InternshipProjects\Todo List API Project\demo\target\classes;C:\Users\abbas\.m2\repository\junit\junit\4.11\junit-4.11.jar;C:\Users\abbas\.m2\repository\org\hamcrest\hamcrest-core\1.3\hamcrest-core-1.3.jar;C:\Users\abbas\.m2\repository\io\javalin\javalin\5.3.2\javalin-5.3.2.jar;C:\Users\abbas\.m2\repository\org\slf4j\slf4j-api\2.0.6\slf4j-api-2.0.6.jar;C:\Users\abbas\.m2\repository\org\eclipse\jetty\jetty-server\11.0.13\jetty-server-11.0.13.jar;C:\Users\abbas\.m2\repository\org\eclipse\jetty\toolchain\jetty-jakarta-servlet-api\5.0.2\jetty-jakarta-servlet-api-5.0.2.jar;C:\Users\abbas\.m2\repository\org\eclipse\jetty\jetty-http\11.0.13\jetty-http-11.0.13.jar;C:\Users\abbas\.m2\repository\org\eclipse\jetty\jetty-util\11.0.13\jetty-util-11.0.13.jar;C:\Users\abbas\.m2\repository\org\eclipse\jetty\jetty-io\11.0.13\jetty-io-11.0.13.jar;C:\Users\abbas\.m2\repository\org\eclipse\jetty\jetty-webapp\11.0.13\jetty-webapp-11.0.13.jar;C:\Users\abbas\.m2\repository\org\eclipse\jetty\jetty-servlet\11.0.13\jetty-servlet-11.0.13.jar;C:\Users\abbas\.m2\repository\org\eclipse\jetty\jetty-security\11.0.13\jetty-security-11.0.13.jar;C:\Users\abbas\.m2\repository\org\eclipse\jetty\jetty-xml\11.0.13\jetty-xml-11.0.13.jar;C:\Users\abbas\.m2\repository\org\eclipse\jetty\websocket\websocket-jetty-server\11.0.13\websocket-jetty-server-11.0.13.jar;C:\Users\abbas\.m2\repository\org\eclipse\jetty\websocket\websocket-jetty-common\11.0.13\websocket-jetty-common-11.0.13.jar;C:\Users\abbas\.m2\repository\org\eclipse\jetty\websocket\websocket-core-common\11.0.13\websocket-core-common-11.0.13.jar;C:\Users\abbas\.m2\repository\org\eclipse\jetty\websocket\websocket-servlet\11.0.13\websocket-servlet-11.0.13.jar;C:\Users\abbas\.m2\repository\org\eclipse\jetty\websocket\websocket-core-server\11.0.13\websocket-core-server-11.0.13.jar;C:\Users\abbas\.m2\repository\org\eclipse\jetty\jetty-annotations\11.0.13\jetty-annotations-11.0.13.jar;C:\Users\abbas\.m2\repository\org\eclipse\jetty\jetty-plus\11.0.13\jetty-plus-11.0.13.jar;C:\Users\abbas\.m2\repository\jakarta\transaction\jakarta.transaction-api\2.0.0\jakarta.transaction-api-2.0.0.jar;C:\Users\abbas\.m2\repository\org\eclipse\jetty\jetty-jndi\11.0.13\jetty-jndi-11.0.13.jar;C:\Users\abbas\.m2\repository\jakarta\annotation\jakarta.annotation-api\2.1.1\jakarta.annotation-api-2.1.1.jar;C:\Users\abbas\.m2\repository\org\ow2\asm\asm\9.4\asm-9.4.jar;C:\Users\abbas\.m2\repository\org\ow2\asm\asm-commons\9.4\asm-commons-9.4.jar;C:\Users\abbas\.m2\repository\org\ow2\asm\asm-tree\9.4\asm-tree-9.4.jar;C:\Users\abbas\.m2\repository\org\eclipse\jetty\websocket\websocket-jetty-api\11.0.13\websocket-jetty-api-11.0.13.jar;C:\Users\abbas\.m2\repository\org\jetbrains\kotlin\kotlin-stdlib-jdk8\1.7.10\kotlin-stdlib-jdk8-1.7.10.jar;C:\Users\abbas\.m2\repository\org\jetbrains\kotlin\kotlin-stdlib\1.7.10\kotlin-stdlib-1.7.10.jar;C:\Users\abbas\.m2\repository\org\jetbrains\kotlin\kotlin-stdlib-common\1.7.10\kotlin-stdlib-common-1.7.10.jar;C:\Users\abbas\.m2\repository\org\jetbrains\annotations\13.0\annotations-13.0.jar;C:\Users\abbas\.m2\repository\org\jetbrains\kotlin\kotlin-stdlib-jdk7\1.7.10\kotlin-stdlib-jdk7-1.7.10.jar;C:\Users\abbas\.m2\repository\org\jdbi\jdbi3-core\3.47.0\jdbi3-core-3.47.0.jar;C:\Users\abbas\.m2\repository\io\leangen\geantyref\geantyref\2.0.0\geantyref-2.0.0.jar;C:\Users\abbas\.m2\repository\org\jdbi\jdbi3-sqlobject\3.47.0\jdbi3-sqlobject-3.47.0.jar;C:\Users\abbas\.m2\repository\org\flywaydb\flyway-core\9.22.0\flyway-core-9.22.0.jar;C:\Users\abbas\.m2\repository\com\fasterxml\jackson\dataformat\jackson-dataformat-toml\2.15.2\jackson-dataformat-toml-2.15.2.jar;C:\Users\abbas\.m2\repository\com\google\code\gson\gson\2.10.1\gson-2.10.1.jar;C:\Users\abbas\.m2\repository\org\flywaydb\flyway-mysql\9.0.0\flyway-mysql-9.0.0.jar;C:\Users\abbas\.m2\repository\com\google\inject\guice\5.1.0\guice-5.1.0.jar;C:\Users\abbas\.m2\repository\javax\inject\javax.inject\1\javax.inject-1.jar;C:\Users\abbas\.m2\repository\aopalliance\aopalliance\1.0\aopalliance-1.0.jar;C:\Users\abbas\.m2\repository\com\google\guava\guava\30.1-jre\guava-30.1-jre.jar;C:\Users\abbas\.m2\repository\com\google\guava\failureaccess\1.0.1\failureaccess-1.0.1.jar;C:\Users\abbas\.m2\repository\com\google\guava\listenablefuture\9999.0-empty-to-avoid-conflict-with-guava\listenablefuture-9999.0-empty-to-avoid-conflict-with-guava.jar;C:\Users\abbas\.m2\repository\com\google\code\findbugs\jsr305\3.0.2\jsr305-3.0.2.jar;C:\Users\abbas\.m2\repository\org\checkerframework\checker-qual\3.5.0\checker-qual-3.5.0.jar;C:\Users\abbas\.m2\repository\com\google\errorprone\error_prone_annotations\2.3.4\error_prone_annotations-2.3.4.jar;C:\Users\abbas\.m2\repository\com\google\j2objc\j2objc-annotations\1.3\j2objc-annotations-1.3.jar;C:\Users\abbas\.m2\repository\com\fasterxml\jackson\datatype\jackson-datatype-jsr310\2.15.2\jackson-datatype-jsr310-2.15.2.jar;C:\Users\abbas\.m2\repository\com\fasterxml\jackson\core\jackson-annotations\2.15.2\jackson-annotations-2.15.2.jar;C:\Users\abbas\.m2\repository\com\fasterxml\jackson\core\jackson-core\2.15.2\jackson-core-2.15.2.jar;C:\Users\abbas\.m2\repository\com\fasterxml\jackson\core\jackson-databind\2.15.2\jackson-databind-2.15.2.jar;C:\Users\abbas\.m2\repository\com\mysql\mysql-connector-j\8.0.33\mysql-connector-j-8.0.33.jar;C:\Users\abbas\.m2\repository\com\google\protobuf\protobuf-java\3.21.9\protobuf-java-3.21.9.jar;C:\Users\abbas\.m2\repository\org\slf4j\slf4j-simple\2.0.3\slf4j-simple-2.0.3.jar;"/>
    <property name="sun.cpu.endian" value="little"/>
    <property name="user.home" value="C:\Users\abbas"/>
    <property name="user.language" value="en"/>
    <property name="java.specification.vendor" value="Oracle Corporation"/>
    <property name="java.version.date" value="2024-07-16"/>
    <property name="java.home" value="C:\Users\abbas\Desktop\Java Trauma"/>
    <property name="file.separator" value="\"/>
    <property name="basedir" value="C:\Users\abbas\Desktop\InternshipProjects\Todo List API Project\demo"/>
    <property name="java.vm.compressedOopsMode" value="Zero based"/>
    <property name="line.separator" value="&#10;"/>
    <property name="java.vm.specification.vendor" value="Oracle Corporation"/>
    <property name="java.specification.name" value="Java Platform API Specification"/>
    <property name="surefire.real.class.path" value="C:\Users\abbas\AppData\Local\Temp\surefire11383784950379243516\surefirebooter4024425420038569397.jar"/>
    <property name="user.script" value=""/>
    <property name="sun.management.compiler" value="HotSpot 64-Bit Tiered Compilers"/>
    <property name="java.runtime.version" value="17.0.12+8-LTS-286"/>
    <property name="user.name" value="abbas"/>
    <property name="path.separator" value=";"/>
    <property name="os.version" value="10.0"/>
    <property name="java.runtime.name" value="Java(TM) SE Runtime Environment"/>
    <property name="file.encoding" value="Cp1252"/>
    <property name="java.vm.name" value="Java HotSpot(TM) 64-Bit Server VM"/>
    <property name="localRepository" value="C:\Users\abbas\.m2\repository"/>
    <property name="java.vendor.url.bug" value="https://bugreport.java.com/bugreport/"/>
    <property name="java.io.tmpdir" value="C:\Users\abbas\AppData\Local\Temp\"/>
    <property name="java.version" value="17.0.12"/>
    <property name="user.dir" value="C:\Users\abbas\Desktop\InternshipProjects\Todo List API Project\demo"/>
    <property name="os.arch" value="amd64"/>
    <property name="java.vm.specification.name" value="Java Virtual Machine Specification"/>
    <property name="sun.os.patch.level" value=""/>
    <property name="native.encoding" value="Cp1252"/>
    <property name="java.library.path" value="C:\Users\abbas\Desktop\Java Trauma\bin;C:\WINDOWS\Sun\Java\bin;C:\WINDOWS\system32;C:\WINDOWS;C:\Ruby33-x64\bin;C:\Program Files\Common Files\Oracle\Java\javapath;C:\Program Files (x86)\VMware\VMware Player\bin\;C:\Program Files (x86)\Common Files\Oracle\Java\javapath;C:\Windows\System32;C:\Windows;C:\Windows\System32\wbem;C:\Windows\System32\WindowsPowerShell\v1.0\;C:\Windows\System32\OpenSSH\;C:\Program Files (x86)\NVIDIA Corporation\PhysX\Common;C:\Program Files\NVIDIA Corporation\NVIDIA NvDLISR;C:\Windows\System32;C:\Windows;C:\Windows\System32\wbem;C:\Windows\System32\WindowsPowerShell\v1.0\;C:\Windows\System32\OpenSSH\;C:\Program Files\dotnet\;c:\altera\90\quartus\bin;C:\Aldec\Active-HDL-Student-Edition\bin;C:\Program Files\Git\cmd;C:\Program Files\Polyspace\R2021a\runtime\win64;C:\Program Files\Polyspace\R2021a\bin;C:\Program Files\Polyspace\R2021a\polyspace\bin;C:\Program Files\apache-maven-3.9.9\bin;;C:\Program Files\Docker\Docker\resources\bin;C:\Program Files\Red Gate\Flyway Desktop\;C:\Users\abbas\AppData\Local\Programs\Python\Launcher\;C:\Users\abbas\AppData\Local\Microsoft\WindowsApps;C:\Users\abbas\AppData\Local\Programs\Microsoft VS Code\bin;C:\MinGW\bin;C:\Users\abbas\AppData\Local\JetBrains\Toolbox\scripts;C:\Users\abbas\AppData\Local\Programs\Python\Python312;C:\Users\abbas\AppData\Local\Programs\Python\Python312\Scripts;;%USERPROFILE%\AppData\Local\Microsoft\WindowsApps;."/>
    <property name="java.vm.info" value="mixed mode, sharing"/>
    <property name="java.vendor" value="Oracle Corporation"/>
    <property name="java.vm.version" value="17.0.12+8-LTS-286"/>
    <property name="sun.io.unicode.encoding" value="UnicodeLittle"/>
    <property name="java.class.version" value="61.0"/>
  </properties>
  <testcase name="shouldAnswerWithTrue" classname="com.example.AppTest" time="0.001"/>
</testsuite>